2022-12-24 12:14:53.426  INFO 15580 --- [RMI TCP Connection(10)-127.0.0.1] inMXBeanRegistrar$SpringApplicationAdmin : Application shutdown requested.
2022-12-24 12:14:53.453  INFO 15580 --- [RMI TCP Connection(10)-127.0.0.1] j.LocalContainerEntityManagerFactoryBean : Closing JPA EntityManagerFactory for persistence unit 'default'
2022-12-24 12:14:53.459  INFO 15580 --- [RMI TCP Connection(10)-127.0.0.1] com.zaxxer.hikari.HikariDataSource       : HikariPool-1 - Shutdown initiated...
2022-12-24 12:14:53.479  INFO 15580 --- [RMI TCP Connection(10)-127.0.0.1] com.zaxxer.hikari.HikariDataSource       : HikariPool-1 - Shutdown completed.
2022-12-24 12:14:56.480  INFO 18588 --- [restartedMain] c.shopme.admin.ShopmeBackEndApplication  : Starting ShopmeBackEndApplication using Java 17.0.2 on MoPC with PID 18588 (C:\Users\secka\git\MomoF\ShopmeProject\ShopmeWebParent\ShopmeBackEnd\target\classes started by secka in C:\Users\secka\git\MomoF\ShopmeProject\ShopmeWebParent\ShopmeBackEnd)
2022-12-24 12:14:56.482  INFO 18588 --- [restartedMain] c.shopme.admin.ShopmeBackEndApplication  : No active profile set, falling back to 1 default profile: "default"
2022-12-24 12:14:56.538  INFO 18588 --- [restartedMain] .e.DevToolsPropertyDefaultsPostProcessor : Devtools property defaults active! Set 'spring.devtools.add-properties' to 'false' to disable
2022-12-24 12:14:56.539  INFO 18588 --- [restartedMain] .e.DevToolsPropertyDefaultsPostProcessor : For additional web related logging consider setting the 'logging.level.web' property to 'DEBUG'
2022-12-24 12:14:57.663  INFO 18588 --- [restartedMain] .s.d.r.c.RepositoryConfigurationDelegate : Bootstrapping Spring Data JPA repositories in DEFAULT mode.
2022-12-24 12:14:57.768  INFO 18588 --- [restartedMain] .s.d.r.c.RepositoryConfigurationDelegate : Finished Spring Data repository scanning in 92 ms. Found 2 JPA repository interfaces.
2022-12-24 12:14:58.766  INFO 18588 --- [restartedMain] o.s.b.w.embedded.tomcat.TomcatWebServer  : Tomcat initialized with port(s): 8080 (http)
2022-12-24 12:14:58.780  INFO 18588 --- [restartedMain] o.apache.catalina.core.StandardService   : Starting service [Tomcat]
2022-12-24 12:14:58.780  INFO 18588 --- [restartedMain] org.apache.catalina.core.StandardEngine  : Starting Servlet engine: [Apache Tomcat/9.0.63]
2022-12-24 12:14:58.914  INFO 18588 --- [restartedMain] o.a.c.c.C.[.[localhost].[/ShopmeAdmin]   : Initializing Spring embedded WebApplicationContext
2022-12-24 12:14:58.915  INFO 18588 --- [restartedMain] w.s.c.ServletWebServerApplicationContext : Root WebApplicationContext: initialization completed in 2376 ms
2022-12-24 12:14:59.240  INFO 18588 --- [restartedMain] o.hibernate.jpa.internal.util.LogHelper  : HHH000204: Processing PersistenceUnitInfo [name: default]
2022-12-24 12:14:59.344  INFO 18588 --- [restartedMain] org.hibernate.Version                    : HHH000412: Hibernate ORM core version 5.6.9.Final
2022-12-24 12:14:59.700  INFO 18588 --- [restartedMain] o.hibernate.annotations.common.Version   : HCANN000001: Hibernate Commons Annotations {5.1.2.Final}
2022-12-24 12:14:59.915  INFO 18588 --- [restartedMain] com.zaxxer.hikari.HikariDataSource       : HikariPool-1 - Starting...
2022-12-24 12:15:00.392  INFO 18588 --- [restartedMain] com.zaxxer.hikari.HikariDataSource       : HikariPool-1 - Start completed.
2022-12-24 12:15:00.414  INFO 18588 --- [restartedMain] org.hibernate.dialect.Dialect            : HHH000400: Using dialect: org.hibernate.dialect.MySQL8Dialect
2022-12-24 12:15:01.463  INFO 18588 --- [restartedMain] o.h.e.t.j.p.i.JtaPlatformInitiator       : HHH000490: Using JtaPlatform implementation: [org.hibernate.engine.transaction.jta.platform.internal.NoJtaPlatform]
2022-12-24 12:15:01.475  INFO 18588 --- [restartedMain] j.LocalContainerEntityManagerFactoryBean : Initialized JPA EntityManagerFactory for persistence unit 'default'
2022-12-24 12:15:01.542  WARN 18588 --- [restartedMain] JpaBaseConfiguration$JpaWebConfiguration : spring.jpa.open-in-view is enabled by default. Therefore, database queries may be performed during view rendering. Explicitly configure spring.jpa.open-in-view to disable this warning
2022-12-24 12:15:02.307  WARN 18588 --- [restartedMain] o.s.s.c.a.web.builders.WebSecurity       : You are asking Spring Security to ignore Ant [pattern='/images/**']. This is not recommended -- please use permitAll via HttpSecurity#authorizeHttpRequests instead.
2022-12-24 12:15:02.307  INFO 18588 --- [restartedMain] o.s.s.web.DefaultSecurityFilterChain     : Will not secure Ant [pattern='/images/**']
2022-12-24 12:15:02.308  WARN 18588 --- [restartedMain] o.s.s.c.a.web.builders.WebSecurity       : You are asking Spring Security to ignore Ant [pattern='/js/**']. This is not recommended -- please use permitAll via HttpSecurity#authorizeHttpRequests instead.
2022-12-24 12:15:02.308  INFO 18588 --- [restartedMain] o.s.s.web.DefaultSecurityFilterChain     : Will not secure Ant [pattern='/js/**']
2022-12-24 12:15:02.308  WARN 18588 --- [restartedMain] o.s.s.c.a.web.builders.WebSecurity       : You are asking Spring Security to ignore Ant [pattern='/webjars/**']. This is not recommended -- please use permitAll via HttpSecurity#authorizeHttpRequests instead.
2022-12-24 12:15:02.308  INFO 18588 --- [restartedMain] o.s.s.web.DefaultSecurityFilterChain     : Will not secure Ant [pattern='/webjars/**']
2022-12-24 12:15:02.356  INFO 18588 --- [restartedMain] o.s.s.web.DefaultSecurityFilterChain     : Will secure any request with [org.springframework.security.web.session.DisableEncodeUrlFilter@26fd8a07, org.springframework.security.web.context.request.async.WebAsyncManagerIntegrationFilter@15625921, org.springframework.security.web.context.SecurityContextPersistenceFilter@653c0941, org.springframework.security.web.header.HeaderWriterFilter@23dae886, org.springframework.security.web.csrf.CsrfFilter@8de6d12, org.springframework.security.web.authentication.logout.LogoutFilter@d527c59, org.springframework.security.web.authentication.UsernamePasswordAuthenticationFilter@13cc651a, org.springframework.security.web.savedrequest.RequestCacheAwareFilter@4d1a608, org.springframework.security.web.servletapi.SecurityContextHolderAwareRequestFilter@193a4da1, org.springframework.security.web.authentication.rememberme.RememberMeAuthenticationFilter@52b185ca, org.springframework.security.web.authentication.AnonymousAuthenticationFilter@19ca2774, org.springframework.security.web.session.SessionManagementFilter@2aa0d1df, org.springframework.security.web.access.ExceptionTranslationFilter@445a338b, org.springframework.security.web.access.intercept.FilterSecurityInterceptor@c03d109]
2022-12-24 12:15:02.517  INFO 18588 --- [restartedMain] o.s.b.a.w.s.WelcomePageHandlerMapping    : Adding welcome page template: index
2022-12-24 12:15:03.276  INFO 18588 --- [restartedMain] o.s.b.d.a.OptionalLiveReloadServer       : LiveReload server is running on port 35729
2022-12-24 12:15:03.323  INFO 18588 --- [restartedMain] o.s.b.w.embedded.tomcat.TomcatWebServer  : Tomcat started on port(s): 8080 (http) with context path '/ShopmeAdmin'
2022-12-24 12:15:03.334  INFO 18588 --- [restartedMain] c.shopme.admin.ShopmeBackEndApplication  : Started ShopmeBackEndApplication in 7.416 seconds (JVM running for 8.57)
2022-12-22 12:15:37.533  INFO 18588 --- [RMI TCP Connection(7)-127.0.0.1] inMXBeanRegistrar$SpringApplicationAdmin : Application shutdown requested.
2022-12-22 12:15:37.549  INFO 18588 --- [RMI TCP Connection(7)-127.0.0.1] j.LocalContainerEntityManagerFactoryBean : Closing JPA EntityManagerFactory for persistence unit 'default'
2022-12-22 12:15:37.551  INFO 18588 --- [RMI TCP Connection(7)-127.0.0.1] com.zaxxer.hikari.HikariDataSource       : HikariPool-1 - Shutdown initiated...
2022-12-22 12:15:37.557  INFO 18588 --- [RMI TCP Connection(7)-127.0.0.1] com.zaxxer.hikari.HikariDataSource       : HikariPool-1 - Shutdown completed.
2022-12-22 12:15:39.457  INFO 28032 --- [restartedMain] c.shopme.admin.ShopmeBackEndApplication  : Starting ShopmeBackEndApplication using Java 17.0.2 on MoPC with PID 28032 (C:\Users\secka\git\MomoF\ShopmeProject\ShopmeWebParent\ShopmeBackEnd\target\classes started by secka in C:\Users\secka\git\MomoF\ShopmeProject\ShopmeWebParent\ShopmeBackEnd)
2022-12-22 12:15:39.459  INFO 28032 --- [restartedMain] c.shopme.admin.ShopmeBackEndApplication  : No active profile set, falling back to 1 default profile: "default"
2022-12-22 12:15:39.517  INFO 28032 --- [restartedMain] .e.DevToolsPropertyDefaultsPostProcessor : Devtools property defaults active! Set 'spring.devtools.add-properties' to 'false' to disable
2022-12-22 12:15:39.518  INFO 28032 --- [restartedMain] .e.DevToolsPropertyDefaultsPostProcessor : For additional web related logging consider setting the 'logging.level.web' property to 'DEBUG'
2022-12-22 12:15:40.029  INFO 28032 --- [restartedMain] .s.d.r.c.RepositoryConfigurationDelegate : Bootstrapping Spring Data JPA repositories in DEFAULT mode.
2022-12-22 12:15:40.066  INFO 28032 --- [restartedMain] .s.d.r.c.RepositoryConfigurationDelegate : Finished Spring Data repository scanning in 31 ms. Found 2 JPA repository interfaces.
2022-12-22 12:15:40.478  INFO 28032 --- [restartedMain] o.s.b.w.embedded.tomcat.TomcatWebServer  : Tomcat initialized with port(s): 8080 (http)
2022-12-22 12:15:40.486  INFO 28032 --- [restartedMain] o.apache.catalina.core.StandardService   : Starting service [Tomcat]
2022-12-22 12:15:40.487  INFO 28032 --- [restartedMain] org.apache.catalina.core.StandardEngine  : Starting Servlet engine: [Apache Tomcat/9.0.63]
2022-12-22 12:15:40.572  INFO 28032 --- [restartedMain] o.a.c.c.C.[.[localhost].[/ShopmeAdmin]   : Initializing Spring embedded WebApplicationContext
2022-12-22 12:15:40.572  INFO 28032 --- [restartedMain] w.s.c.ServletWebServerApplicationContext : Root WebApplicationContext: initialization completed in 1054 ms
2022-12-22 12:15:40.699  INFO 28032 --- [restartedMain] o.hibernate.jpa.internal.util.LogHelper  : HHH000204: Processing PersistenceUnitInfo [name: default]
2022-12-22 12:15:40.731  INFO 28032 --- [restartedMain] org.hibernate.Version                    : HHH000412: Hibernate ORM core version 5.6.9.Final
2022-12-22 12:15:40.831  INFO 28032 --- [restartedMain] o.hibernate.annotations.common.Version   : HCANN000001: Hibernate Commons Annotations {5.1.2.Final}
2022-12-22 12:15:40.897  INFO 28032 --- [restartedMain] com.zaxxer.hikari.HikariDataSource       : HikariPool-1 - Starting...
2022-12-22 12:15:41.180  INFO 28032 --- [restartedMain] com.zaxxer.hikari.HikariDataSource       : HikariPool-1 - Start completed.
2022-12-22 12:15:41.197  INFO 28032 --- [restartedMain] org.hibernate.dialect.Dialect            : HHH000400: Using dialect: org.hibernate.dialect.MySQL8Dialect
2022-12-22 12:15:41.987  INFO 28032 --- [restartedMain] o.h.e.t.j.p.i.JtaPlatformInitiator       : HHH000490: Using JtaPlatform implementation: [org.hibernate.engine.transaction.jta.platform.internal.NoJtaPlatform]
2022-12-22 12:15:41.998  INFO 28032 --- [restartedMain] j.LocalContainerEntityManagerFactoryBean : Initialized JPA EntityManagerFactory for persistence unit 'default'
2022-12-22 12:15:42.060  WARN 28032 --- [restartedMain] JpaBaseConfiguration$JpaWebConfiguration : spring.jpa.open-in-view is enabled by default. Therefore, database queries may be performed during view rendering. Explicitly configure spring.jpa.open-in-view to disable this warning
2022-12-22 12:15:42.657  WARN 28032 --- [restartedMain] o.s.s.c.a.web.builders.WebSecurity       : You are asking Spring Security to ignore Ant [pattern='/images/**']. This is not recommended -- please use permitAll via HttpSecurity#authorizeHttpRequests instead.
2022-12-22 12:15:42.658  INFO 28032 --- [restartedMain] o.s.s.web.DefaultSecurityFilterChain     : Will not secure Ant [pattern='/images/**']
2022-12-22 12:15:42.658  WARN 28032 --- [restartedMain] o.s.s.c.a.web.builders.WebSecurity       : You are asking Spring Security to ignore Ant [pattern='/js/**']. This is not recommended -- please use permitAll via HttpSecurity#authorizeHttpRequests instead.
2022-12-22 12:15:42.658  INFO 28032 --- [restartedMain] o.s.s.web.DefaultSecurityFilterChain     : Will not secure Ant [pattern='/js/**']
2022-12-22 12:15:42.659  WARN 28032 --- [restartedMain] o.s.s.c.a.web.builders.WebSecurity       : You are asking Spring Security to ignore Ant [pattern='/webjars/**']. This is not recommended -- please use permitAll via HttpSecurity#authorizeHttpRequests instead.
2022-12-22 12:15:42.659  INFO 28032 --- [restartedMain] o.s.s.web.DefaultSecurityFilterChain     : Will not secure Ant [pattern='/webjars/**']
2022-12-22 12:15:42.691  INFO 28032 --- [restartedMain] o.s.s.web.DefaultSecurityFilterChain     : Will secure any request with [org.springframework.security.web.session.DisableEncodeUrlFilter@57a1dee6, org.springframework.security.web.context.request.async.WebAsyncManagerIntegrationFilter@6925908b, org.springframework.security.web.context.SecurityContextPersistenceFilter@7cd0a843, org.springframework.security.web.header.HeaderWriterFilter@71e0dcfd, org.springframework.security.web.csrf.CsrfFilter@46908d14, org.springframework.security.web.authentication.logout.LogoutFilter@22fe23fb, org.springframework.security.web.authentication.UsernamePasswordAuthenticationFilter@47f8b71f, org.springframework.security.web.savedrequest.RequestCacheAwareFilter@d82b604, org.springframework.security.web.servletapi.SecurityContextHolderAwareRequestFilter@14097e, org.springframework.security.web.authentication.rememberme.RememberMeAuthenticationFilter@5657b3c8, org.springframework.security.web.authentication.AnonymousAuthenticationFilter@10f9de53, org.springframework.security.web.session.SessionManagementFilter@269d5868, org.springframework.security.web.access.ExceptionTranslationFilter@6c4ee805, org.springframework.security.web.access.intercept.FilterSecurityInterceptor@7753082]
2022-12-22 12:15:42.792  INFO 28032 --- [restartedMain] o.s.b.a.w.s.WelcomePageHandlerMapping    : Adding welcome page template: index
2022-12-22 12:15:43.248  INFO 28032 --- [restartedMain] o.s.b.d.a.OptionalLiveReloadServer       : LiveReload server is running on port 35729
2022-12-22 12:15:43.280  INFO 28032 --- [restartedMain] o.s.b.w.embedded.tomcat.TomcatWebServer  : Tomcat started on port(s): 8080 (http) with context path '/ShopmeAdmin'
2022-12-22 12:15:43.287  INFO 28032 --- [restartedMain] c.shopme.admin.ShopmeBackEndApplication  : Started ShopmeBackEndApplication in 4.174 seconds (JVM running for 4.826)
2022-12-22 12:19:40.769  INFO 28032 --- [Thread-5] j.LocalContainerEntityManagerFactoryBean : Closing JPA EntityManagerFactory for persistence unit 'default'
2022-12-22 12:19:40.771  INFO 28032 --- [Thread-5] com.zaxxer.hikari.HikariDataSource       : HikariPool-1 - Shutdown initiated...
2022-12-22 12:19:40.778  INFO 28032 --- [Thread-5] com.zaxxer.hikari.HikariDataSource       : HikariPool-1 - Shutdown completed.
2022-12-22 12:19:40.872  INFO 28032 --- [restartedMain] c.shopme.admin.ShopmeBackEndApplication  : Starting ShopmeBackEndApplication using Java 17.0.2 on MoPC with PID 28032 (C:\Users\secka\git\MomoF\ShopmeProject\ShopmeWebParent\ShopmeBackEnd\target\classes started by secka in C:\Users\secka\git\MomoF\ShopmeProject\ShopmeWebParent\ShopmeBackEnd)
2022-12-22 12:19:40.872  INFO 28032 --- [restartedMain] c.shopme.admin.ShopmeBackEndApplication  : No active profile set, falling back to 1 default profile: "default"
2022-12-22 12:19:40.990  INFO 28032 --- [restartedMain] .s.d.r.c.RepositoryConfigurationDelegate : Bootstrapping Spring Data JPA repositories in DEFAULT mode.
2022-12-22 12:19:40.999  INFO 28032 --- [restartedMain] .s.d.r.c.RepositoryConfigurationDelegate : Finished Spring Data repository scanning in 8 ms. Found 2 JPA repository interfaces.
2022-12-22 12:19:41.059  INFO 28032 --- [restartedMain] o.s.b.w.embedded.tomcat.TomcatWebServer  : Tomcat initialized with port(s): 8080 (http)
2022-12-22 12:19:41.059  INFO 28032 --- [restartedMain] o.apache.catalina.core.StandardService   : Starting service [Tomcat]
2022-12-22 12:19:41.059  INFO 28032 --- [restartedMain] org.apache.catalina.core.StandardEngine  : Starting Servlet engine: [Apache Tomcat/9.0.63]
2022-12-22 12:19:41.080  INFO 28032 --- [restartedMain] o.a.c.c.C.[.[localhost].[/ShopmeAdmin]   : Initializing Spring embedded WebApplicationContext
2022-12-22 12:19:41.081  INFO 28032 --- [restartedMain] w.s.c.ServletWebServerApplicationContext : Root WebApplicationContext: initialization completed in 207 ms
2022-12-22 12:19:41.111  INFO 28032 --- [restartedMain] o.hibernate.jpa.internal.util.LogHelper  : HHH000204: Processing PersistenceUnitInfo [name: default]
2022-12-22 12:19:41.114  INFO 28032 --- [restartedMain] com.zaxxer.hikari.HikariDataSource       : HikariPool-2 - Starting...
2022-12-22 12:19:41.128  INFO 28032 --- [restartedMain] com.zaxxer.hikari.HikariDataSource       : HikariPool-2 - Start completed.
2022-12-22 12:19:41.128  INFO 28032 --- [restartedMain] org.hibernate.dialect.Dialect            : HHH000400: Using dialect: org.hibernate.dialect.MySQL8Dialect
2022-12-22 12:19:41.171  INFO 28032 --- [restartedMain] o.h.e.t.j.p.i.JtaPlatformInitiator       : HHH000490: Using JtaPlatform implementation: [org.hibernate.engine.transaction.jta.platform.internal.NoJtaPlatform]
2022-12-22 12:19:41.171  INFO 28032 --- [restartedMain] j.LocalContainerEntityManagerFactoryBean : Initialized JPA EntityManagerFactory for persistence unit 'default'
2022-12-22 12:19:41.185  WARN 28032 --- [restartedMain] JpaBaseConfiguration$JpaWebConfiguration : spring.jpa.open-in-view is enabled by default. Therefore, database queries may be performed during view rendering. Explicitly configure spring.jpa.open-in-view to disable this warning
2022-12-22 12:19:41.245  WARN 28032 --- [restartedMain] o.s.s.c.a.web.builders.WebSecurity       : You are asking Spring Security to ignore Ant [pattern='/images/**']. This is not recommended -- please use permitAll via HttpSecurity#authorizeHttpRequests instead.
2022-12-22 12:19:41.247  INFO 28032 --- [restartedMain] o.s.s.web.DefaultSecurityFilterChain     : Will not secure Ant [pattern='/images/**']
2022-12-22 12:19:41.247  WARN 28032 --- [restartedMain] o.s.s.c.a.web.builders.WebSecurity       : You are asking Spring Security to ignore Ant [pattern='/js/**']. This is not recommended -- please use permitAll via HttpSecurity#authorizeHttpRequests instead.
2022-12-22 12:19:41.247  INFO 28032 --- [restartedMain] o.s.s.web.DefaultSecurityFilterChain     : Will not secure Ant [pattern='/js/**']
2022-12-22 12:19:41.247  WARN 28032 --- [restartedMain] o.s.s.c.a.web.builders.WebSecurity       : You are asking Spring Security to ignore Ant [pattern='/webjars/**']. This is not recommended -- please use permitAll via HttpSecurity#authorizeHttpRequests instead.
2022-12-22 12:19:41.247  INFO 28032 --- [restartedMain] o.s.s.web.DefaultSecurityFilterChain     : Will not secure Ant [pattern='/webjars/**']
2022-12-22 12:19:41.252  INFO 28032 --- [restartedMain] o.s.s.web.DefaultSecurityFilterChain     : Will secure any request with [org.springframework.security.web.session.DisableEncodeUrlFilter@69706948, org.springframework.security.web.context.request.async.WebAsyncManagerIntegrationFilter@6304942d, org.springframework.security.web.context.SecurityContextPersistenceFilter@46eb058c, org.springframework.security.web.header.HeaderWriterFilter@3557ef57, org.springframework.security.web.csrf.CsrfFilter@97c0ca5, org.springframework.security.web.authentication.logout.LogoutFilter@563eb78a, org.springframework.security.web.authentication.UsernamePasswordAuthenticationFilter@5d4e96fa, org.springframework.security.web.savedrequest.RequestCacheAwareFilter@34c25e08, org.springframework.security.web.servletapi.SecurityContextHolderAwareRequestFilter@3ee53290, org.springframework.security.web.authentication.rememberme.RememberMeAuthenticationFilter@71613d07, org.springframework.security.web.authentication.AnonymousAuthenticationFilter@4ad437f1, org.springframework.security.web.session.SessionManagementFilter@2f9b2dfe, org.springframework.security.web.access.ExceptionTranslationFilter@3ad91041, org.springframework.security.web.access.intercept.FilterSecurityInterceptor@6bcc2645]
2022-12-22 12:19:41.285  INFO 28032 --- [restartedMain] o.s.b.a.w.s.WelcomePageHandlerMapping    : Adding welcome page template: index
2022-12-22 12:19:41.565  INFO 28032 --- [restartedMain] o.s.b.d.a.OptionalLiveReloadServer       : LiveReload server is running on port 35729
2022-12-22 12:19:41.573  INFO 28032 --- [restartedMain] o.s.b.w.embedded.tomcat.TomcatWebServer  : Tomcat started on port(s): 8080 (http) with context path '/ShopmeAdmin'
2022-12-22 12:19:41.579  INFO 28032 --- [restartedMain] c.shopme.admin.ShopmeBackEndApplication  : Started ShopmeBackEndApplication in 0.73 seconds (JVM running for 243.118)
2022-12-22 12:19:41.580  INFO 28032 --- [restartedMain] .ConditionEvaluationDeltaLoggingListener : Condition evaluation unchanged
2022-12-22 12:20:37.425  INFO 28032 --- [Thread-7] j.LocalContainerEntityManagerFactoryBean : Closing JPA EntityManagerFactory for persistence unit 'default'
2022-12-22 12:20:37.426  INFO 28032 --- [Thread-7] com.zaxxer.hikari.HikariDataSource       : HikariPool-2 - Shutdown initiated...
2022-12-22 12:20:37.432  INFO 28032 --- [Thread-7] com.zaxxer.hikari.HikariDataSource       : HikariPool-2 - Shutdown completed.
2022-12-22 12:20:37.499  INFO 28032 --- [restartedMain] c.shopme.admin.ShopmeBackEndApplication  : Starting ShopmeBackEndApplication using Java 17.0.2 on MoPC with PID 28032 (C:\Users\secka\git\MomoF\ShopmeProject\ShopmeWebParent\ShopmeBackEnd\target\classes started by secka in C:\Users\secka\git\MomoF\ShopmeProject\ShopmeWebParent\ShopmeBackEnd)
2022-12-22 12:20:37.499  INFO 28032 --- [restartedMain] c.shopme.admin.ShopmeBackEndApplication  : No active profile set, falling back to 1 default profile: "default"
2022-12-22 12:20:37.612  INFO 28032 --- [restartedMain] .s.d.r.c.RepositoryConfigurationDelegate : Bootstrapping Spring Data JPA repositories in DEFAULT mode.
2022-12-22 12:20:37.621  INFO 28032 --- [restartedMain] .s.d.r.c.RepositoryConfigurationDelegate : Finished Spring Data repository scanning in 8 ms. Found 2 JPA repository interfaces.
2022-12-22 12:20:37.674  INFO 28032 --- [restartedMain] o.s.b.w.embedded.tomcat.TomcatWebServer  : Tomcat initialized with port(s): 8080 (http)
2022-12-22 12:20:37.675  INFO 28032 --- [restartedMain] o.apache.catalina.core.StandardService   : Starting service [Tomcat]
2022-12-22 12:20:37.675  INFO 28032 --- [restartedMain] org.apache.catalina.core.StandardEngine  : Starting Servlet engine: [Apache Tomcat/9.0.63]
2022-12-22 12:20:37.690  INFO 28032 --- [restartedMain] o.a.c.c.C.[.[localhost].[/ShopmeAdmin]   : Initializing Spring embedded WebApplicationContext
2022-12-22 12:20:37.690  INFO 28032 --- [restartedMain] w.s.c.ServletWebServerApplicationContext : Root WebApplicationContext: initialization completed in 188 ms
2022-12-22 12:20:37.712  INFO 28032 --- [restartedMain] o.hibernate.jpa.internal.util.LogHelper  : HHH000204: Processing PersistenceUnitInfo [name: default]
2022-12-22 12:20:37.715  INFO 28032 --- [restartedMain] com.zaxxer.hikari.HikariDataSource       : HikariPool-3 - Starting...
2022-12-22 12:20:37.726  INFO 28032 --- [restartedMain] com.zaxxer.hikari.HikariDataSource       : HikariPool-3 - Start completed.
2022-12-22 12:20:37.727  INFO 28032 --- [restartedMain] org.hibernate.dialect.Dialect            : HHH000400: Using dialect: org.hibernate.dialect.MySQL8Dialect
2022-12-22 12:20:37.758  INFO 28032 --- [restartedMain] o.h.e.t.j.p.i.JtaPlatformInitiator       : HHH000490: Using JtaPlatform implementation: [org.hibernate.engine.transaction.jta.platform.internal.NoJtaPlatform]
2022-12-22 12:20:37.758  INFO 28032 --- [restartedMain] j.LocalContainerEntityManagerFactoryBean : Initialized JPA EntityManagerFactory for persistence unit 'default'
2022-12-22 12:20:37.770  WARN 28032 --- [restartedMain] JpaBaseConfiguration$JpaWebConfiguration : spring.jpa.open-in-view is enabled by default. Therefore, database queries may be performed during view rendering. Explicitly configure spring.jpa.open-in-view to disable this warning
2022-12-22 12:20:37.816  WARN 28032 --- [restartedMain] o.s.s.c.a.web.builders.WebSecurity       : You are asking Spring Security to ignore Ant [pattern='/images/**']. This is not recommended -- please use permitAll via HttpSecurity#authorizeHttpRequests instead.
2022-12-22 12:20:37.817  INFO 28032 --- [restartedMain] o.s.s.web.DefaultSecurityFilterChain     : Will not secure Ant [pattern='/images/**']
2022-12-22 12:20:37.817  WARN 28032 --- [restartedMain] o.s.s.c.a.web.builders.WebSecurity       : You are asking Spring Security to ignore Ant [pattern='/js/**']. This is not recommended -- please use permitAll via HttpSecurity#authorizeHttpRequests instead.
2022-12-22 12:20:37.817  INFO 28032 --- [restartedMain] o.s.s.web.DefaultSecurityFilterChain     : Will not secure Ant [pattern='/js/**']
2022-12-22 12:20:37.817  WARN 28032 --- [restartedMain] o.s.s.c.a.web.builders.WebSecurity       : You are asking Spring Security to ignore Ant [pattern='/webjars/**']. This is not recommended -- please use permitAll via HttpSecurity#authorizeHttpRequests instead.
2022-12-22 12:20:37.817  INFO 28032 --- [restartedMain] o.s.s.web.DefaultSecurityFilterChain     : Will not secure Ant [pattern='/webjars/**']
2022-12-22 12:20:37.820  INFO 28032 --- [restartedMain] o.s.s.web.DefaultSecurityFilterChain     : Will secure any request with [org.springframework.security.web.session.DisableEncodeUrlFilter@6b664c29, org.springframework.security.web.context.request.async.WebAsyncManagerIntegrationFilter@5f875015, org.springframework.security.web.context.SecurityContextPersistenceFilter@cb95537, org.springframework.security.web.header.HeaderWriterFilter@7cd3b223, org.springframework.security.web.csrf.CsrfFilter@43aa510f, org.springframework.security.web.authentication.logout.LogoutFilter@1340cebb, org.springframework.security.web.authentication.UsernamePasswordAuthenticationFilter@7630d648, org.springframework.security.web.savedrequest.RequestCacheAwareFilter@7b9d7713, org.springframework.security.web.servletapi.SecurityContextHolderAwareRequestFilter@1a3e80e9, org.springframework.security.web.authentication.rememberme.RememberMeAuthenticationFilter@7463b114, org.springframework.security.web.authentication.AnonymousAuthenticationFilter@2ff55f3b, org.springframework.security.web.session.SessionManagementFilter@1d0a4db0, org.springframework.security.web.access.ExceptionTranslationFilter@7891e843, org.springframework.security.web.access.intercept.FilterSecurityInterceptor@3b71f484]
2022-12-22 12:20:37.853  INFO 28032 --- [restartedMain] o.s.b.a.w.s.WelcomePageHandlerMapping    : Adding welcome page template: index
2022-12-22 12:20:38.144  INFO 28032 --- [restartedMain] o.s.b.d.a.OptionalLiveReloadServer       : LiveReload server is running on port 35729
2022-12-22 12:20:38.150  INFO 28032 --- [restartedMain] o.s.b.w.embedded.tomcat.TomcatWebServer  : Tomcat started on port(s): 8080 (http) with context path '/ShopmeAdmin'
2022-12-22 12:20:38.153  INFO 28032 --- [restartedMain] c.shopme.admin.ShopmeBackEndApplication  : Started ShopmeBackEndApplication in 0.675 seconds (JVM running for 299.693)
2022-12-22 12:20:38.155  INFO 28032 --- [restartedMain] .ConditionEvaluationDeltaLoggingListener : Condition evaluation unchanged
2022-12-22 12:21:08.876  INFO 28032 --- [RMI TCP Connection(22)-127.0.0.1] inMXBeanRegistrar$SpringApplicationAdmin : Application shutdown requested.
2022-12-22 12:21:08.893  INFO 28032 --- [RMI TCP Connection(22)-127.0.0.1] j.LocalContainerEntityManagerFactoryBean : Closing JPA EntityManagerFactory for persistence unit 'default'
2022-12-22 12:21:08.894  INFO 28032 --- [RMI TCP Connection(22)-127.0.0.1] com.zaxxer.hikari.HikariDataSource       : HikariPool-3 - Shutdown initiated...
2022-12-22 12:21:08.903  INFO 28032 --- [RMI TCP Connection(22)-127.0.0.1] com.zaxxer.hikari.HikariDataSource       : HikariPool-3 - Shutdown completed.
2022-12-22 12:21:10.921  INFO 16324 --- [restartedMain] c.shopme.admin.ShopmeBackEndApplication  : Starting ShopmeBackEndApplication using Java 17.0.2 on MoPC with PID 16324 (C:\Users\secka\git\MomoF\ShopmeProject\ShopmeWebParent\ShopmeBackEnd\target\classes started by secka in C:\Users\secka\git\MomoF\ShopmeProject\ShopmeWebParent\ShopmeBackEnd)
2022-12-22 12:21:10.930  INFO 16324 --- [restartedMain] c.shopme.admin.ShopmeBackEndApplication  : No active profile set, falling back to 1 default profile: "default"
2022-12-22 12:21:10.966  INFO 16324 --- [restartedMain] .e.DevToolsPropertyDefaultsPostProcessor : Devtools property defaults active! Set 'spring.devtools.add-properties' to 'false' to disable
2022-12-22 12:21:10.966  INFO 16324 --- [restartedMain] .e.DevToolsPropertyDefaultsPostProcessor : For additional web related logging consider setting the 'logging.level.web' property to 'DEBUG'
2022-12-22 12:21:11.478  INFO 16324 --- [restartedMain] .s.d.r.c.RepositoryConfigurationDelegate : Bootstrapping Spring Data JPA repositories in DEFAULT mode.
2022-12-22 12:21:11.525  INFO 16324 --- [restartedMain] .s.d.r.c.RepositoryConfigurationDelegate : Finished Spring Data repository scanning in 35 ms. Found 2 JPA repository interfaces.
2022-12-22 12:21:11.983  INFO 16324 --- [restartedMain] o.s.b.w.embedded.tomcat.TomcatWebServer  : Tomcat initialized with port(s): 8080 (http)
2022-12-22 12:21:11.990  INFO 16324 --- [restartedMain] o.apache.catalina.core.StandardService   : Starting service [Tomcat]
2022-12-22 12:21:11.991  INFO 16324 --- [restartedMain] org.apache.catalina.core.StandardEngine  : Starting Servlet engine: [Apache Tomcat/9.0.63]
2022-12-22 12:21:12.055  INFO 16324 --- [restartedMain] o.a.c.c.C.[.[localhost].[/ShopmeAdmin]   : Initializing Spring embedded WebApplicationContext
2022-12-22 12:21:12.057  INFO 16324 --- [restartedMain] w.s.c.ServletWebServerApplicationContext : Root WebApplicationContext: initialization completed in 1089 ms
2022-12-22 12:21:12.185  INFO 16324 --- [restartedMain] o.hibernate.jpa.internal.util.LogHelper  : HHH000204: Processing PersistenceUnitInfo [name: default]
2022-12-22 12:21:12.225  INFO 16324 --- [restartedMain] org.hibernate.Version                    : HHH000412: Hibernate ORM core version 5.6.9.Final
2022-12-22 12:21:12.342  INFO 16324 --- [restartedMain] o.hibernate.annotations.common.Version   : HCANN000001: Hibernate Commons Annotations {5.1.2.Final}
2022-12-22 12:21:12.414  INFO 16324 --- [restartedMain] com.zaxxer.hikari.HikariDataSource       : HikariPool-1 - Starting...
2022-12-22 12:21:12.712  INFO 16324 --- [restartedMain] com.zaxxer.hikari.HikariDataSource       : HikariPool-1 - Start completed.
2022-12-22 12:21:12.731  INFO 16324 --- [restartedMain] org.hibernate.dialect.Dialect            : HHH000400: Using dialect: org.hibernate.dialect.MySQL8Dialect
2022-12-22 12:21:13.543  INFO 16324 --- [restartedMain] o.h.e.t.j.p.i.JtaPlatformInitiator       : HHH000490: Using JtaPlatform implementation: [org.hibernate.engine.transaction.jta.platform.internal.NoJtaPlatform]
2022-12-22 12:21:13.552  INFO 16324 --- [restartedMain] j.LocalContainerEntityManagerFactoryBean : Initialized JPA EntityManagerFactory for persistence unit 'default'
2022-12-22 12:21:13.621  WARN 16324 --- [restartedMain] JpaBaseConfiguration$JpaWebConfiguration : spring.jpa.open-in-view is enabled by default. Therefore, database queries may be performed during view rendering. Explicitly configure spring.jpa.open-in-view to disable this warning
2022-12-22 12:21:14.233  WARN 16324 --- [restartedMain] o.s.s.c.a.web.builders.WebSecurity       : You are asking Spring Security to ignore Ant [pattern='/images/**']. This is not recommended -- please use permitAll via HttpSecurity#authorizeHttpRequests instead.
2022-12-22 12:21:14.234  INFO 16324 --- [restartedMain] o.s.s.web.DefaultSecurityFilterChain     : Will not secure Ant [pattern='/images/**']
2022-12-22 12:21:14.235  WARN 16324 --- [restartedMain] o.s.s.c.a.web.builders.WebSecurity       : You are asking Spring Security to ignore Ant [pattern='/js/**']. This is not recommended -- please use permitAll via HttpSecurity#authorizeHttpRequests instead.
2022-12-22 12:21:14.235  INFO 16324 --- [restartedMain] o.s.s.web.DefaultSecurityFilterChain     : Will not secure Ant [pattern='/js/**']
2022-12-22 12:21:14.235  WARN 16324 --- [restartedMain] o.s.s.c.a.web.builders.WebSecurity       : You are asking Spring Security to ignore Ant [pattern='/webjars/**']. This is not recommended -- please use permitAll via HttpSecurity#authorizeHttpRequests instead.
2022-12-22 12:21:14.235  INFO 16324 --- [restartedMain] o.s.s.web.DefaultSecurityFilterChain     : Will not secure Ant [pattern='/webjars/**']
2022-12-22 12:21:14.277  INFO 16324 --- [restartedMain] o.s.s.web.DefaultSecurityFilterChain     : Will secure any request with [org.springframework.security.web.session.DisableEncodeUrlFilter@983e451, org.springframework.security.web.context.request.async.WebAsyncManagerIntegrationFilter@7d92d68e, org.springframework.security.web.context.SecurityContextPersistenceFilter@25fbd053, org.springframework.security.web.header.HeaderWriterFilter@475920d1, org.springframework.security.web.csrf.CsrfFilter@70eacd9b, org.springframework.security.web.authentication.logout.LogoutFilter@603c2b6b, org.springframework.security.web.authentication.UsernamePasswordAuthenticationFilter@217c8f4c, org.springframework.security.web.savedrequest.RequestCacheAwareFilter@2f87f79b, org.springframework.security.web.servletapi.SecurityContextHolderAwareRequestFilter@5d401dad, org.springframework.security.web.authentication.rememberme.RememberMeAuthenticationFilter@7ebc48aa, org.springframework.security.web.authentication.AnonymousAuthenticationFilter@3b98135c, org.springframework.security.web.session.SessionManagementFilter@2fd2e34, org.springframework.security.web.access.ExceptionTranslationFilter@7d6ce920, org.springframework.security.web.access.intercept.FilterSecurityInterceptor@3e3f7d38]
2022-12-22 12:21:14.401  INFO 16324 --- [restartedMain] o.s.b.a.w.s.WelcomePageHandlerMapping    : Adding welcome page template: index
2022-12-22 12:21:14.892  INFO 16324 --- [restartedMain] o.s.b.d.a.OptionalLiveReloadServer       : LiveReload server is running on port 35729
2022-12-22 12:21:14.922  INFO 16324 --- [restartedMain] o.s.b.w.embedded.tomcat.TomcatWebServer  : Tomcat started on port(s): 8080 (http) with context path '/ShopmeAdmin'
2022-12-22 12:21:14.931  INFO 16324 --- [restartedMain] c.shopme.admin.ShopmeBackEndApplication  : Started ShopmeBackEndApplication in 4.315 seconds (JVM running for 4.967)
2022-12-22 12:21:44.897  INFO 16324 --- [http-nio-8080-exec-2] o.a.c.c.C.[.[localhost].[/ShopmeAdmin]   : Initializing Spring DispatcherServlet 'dispatcherServlet'
2022-12-22 12:21:44.898  INFO 16324 --- [http-nio-8080-exec-2] o.s.web.servlet.DispatcherServlet        : Initializing Servlet 'dispatcherServlet'
2022-12-22 12:21:44.898  INFO 16324 --- [http-nio-8080-exec-2] o.s.web.servlet.DispatcherServlet        : Completed initialization in 0 ms
2022-12-22 12:23:02.958 ERROR 16324 --- [http-nio-8080-exec-6] com.shopme.admin.FileUploadUtil          : Couldnt list directory :user-photos\37
2022-12-22 12:26:47.853  INFO 16324 --- [Thread-5] j.LocalContainerEntityManagerFactoryBean : Closing JPA EntityManagerFactory for persistence unit 'default'
2022-12-22 12:26:47.856  INFO 16324 --- [Thread-5] com.zaxxer.hikari.HikariDataSource       : HikariPool-1 - Shutdown initiated...
2022-12-22 12:26:47.862  INFO 16324 --- [Thread-5] com.zaxxer.hikari.HikariDataSource       : HikariPool-1 - Shutdown completed.
