2022-12-23 12:13:50.837  INFO 21588 --- [RMI TCP Connection(20)-127.0.0.1] inMXBeanRegistrar$SpringApplicationAdmin : Application shutdown requested.
2022-12-23 12:13:50.868  INFO 21588 --- [RMI TCP Connection(20)-127.0.0.1] j.LocalContainerEntityManagerFactoryBean : Closing JPA EntityManagerFactory for persistence unit 'default'
2022-12-23 12:13:50.869  INFO 21588 --- [RMI TCP Connection(20)-127.0.0.1] com.zaxxer.hikari.HikariDataSource       : HikariPool-1 - Shutdown initiated...
2022-12-23 12:13:50.885  INFO 21588 --- [RMI TCP Connection(20)-127.0.0.1] com.zaxxer.hikari.HikariDataSource       : HikariPool-1 - Shutdown completed.
2022-12-23 12:13:55.511  INFO 5092 --- [restartedMain] c.shopme.admin.ShopmeBackEndApplication  : Starting ShopmeBackEndApplication using Java 17.0.2 on MoPC with PID 5092 (C:\Users\secka\git\MomoF\ShopmeProject\ShopmeWebParent\ShopmeBackEnd\target\classes started by secka in C:\Users\secka\git\MomoF\ShopmeProject\ShopmeWebParent\ShopmeBackEnd)
2022-12-23 12:13:55.512  INFO 5092 --- [restartedMain] c.shopme.admin.ShopmeBackEndApplication  : No active profile set, falling back to 1 default profile: "default"
2022-12-23 12:13:55.585  INFO 5092 --- [restartedMain] .e.DevToolsPropertyDefaultsPostProcessor : Devtools property defaults active! Set 'spring.devtools.add-properties' to 'false' to disable
2022-12-23 12:13:55.585  INFO 5092 --- [restartedMain] .e.DevToolsPropertyDefaultsPostProcessor : For additional web related logging consider setting the 'logging.level.web' property to 'DEBUG'
2022-12-23 12:13:56.528  INFO 5092 --- [restartedMain] .s.d.r.c.RepositoryConfigurationDelegate : Bootstrapping Spring Data JPA repositories in DEFAULT mode.
2022-12-23 12:13:56.606  INFO 5092 --- [restartedMain] .s.d.r.c.RepositoryConfigurationDelegate : Finished Spring Data repository scanning in 64 ms. Found 2 JPA repository interfaces.
2022-12-23 12:13:57.529  INFO 5092 --- [restartedMain] o.s.b.w.embedded.tomcat.TomcatWebServer  : Tomcat initialized with port(s): 8080 (http)
2022-12-23 12:13:57.549  INFO 5092 --- [restartedMain] o.apache.catalina.core.StandardService   : Starting service [Tomcat]
2022-12-23 12:13:57.550  INFO 5092 --- [restartedMain] org.apache.catalina.core.StandardEngine  : Starting Servlet engine: [Apache Tomcat/9.0.63]
2022-12-23 12:13:57.676  INFO 5092 --- [restartedMain] o.a.c.c.C.[.[localhost].[/ShopmeAdmin]   : Initializing Spring embedded WebApplicationContext
2022-12-23 12:13:57.676  INFO 5092 --- [restartedMain] w.s.c.ServletWebServerApplicationContext : Root WebApplicationContext: initialization completed in 2091 ms
2022-12-23 12:13:57.975  INFO 5092 --- [restartedMain] o.hibernate.jpa.internal.util.LogHelper  : HHH000204: Processing PersistenceUnitInfo [name: default]
2022-12-23 12:13:58.059  INFO 5092 --- [restartedMain] org.hibernate.Version                    : HHH000412: Hibernate ORM core version 5.6.9.Final
2022-12-23 12:13:58.350  INFO 5092 --- [restartedMain] o.hibernate.annotations.common.Version   : HCANN000001: Hibernate Commons Annotations {5.1.2.Final}
2022-12-23 12:13:58.547  INFO 5092 --- [restartedMain] com.zaxxer.hikari.HikariDataSource       : HikariPool-1 - Starting...
2022-12-23 12:13:59.043  INFO 5092 --- [restartedMain] com.zaxxer.hikari.HikariDataSource       : HikariPool-1 - Start completed.
2022-12-23 12:13:59.063  INFO 5092 --- [restartedMain] org.hibernate.dialect.Dialect            : HHH000400: Using dialect: org.hibernate.dialect.MySQL8Dialect
2022-12-23 12:14:00.215  INFO 5092 --- [restartedMain] o.h.e.t.j.p.i.JtaPlatformInitiator       : HHH000490: Using JtaPlatform implementation: [org.hibernate.engine.transaction.jta.platform.internal.NoJtaPlatform]
2022-12-23 12:14:00.227  INFO 5092 --- [restartedMain] j.LocalContainerEntityManagerFactoryBean : Initialized JPA EntityManagerFactory for persistence unit 'default'
2022-12-23 12:14:00.297  WARN 5092 --- [restartedMain] JpaBaseConfiguration$JpaWebConfiguration : spring.jpa.open-in-view is enabled by default. Therefore, database queries may be performed during view rendering. Explicitly configure spring.jpa.open-in-view to disable this warning
2022-12-23 12:14:01.024  WARN 5092 --- [restartedMain] o.s.s.c.a.web.builders.WebSecurity       : You are asking Spring Security to ignore Ant [pattern='/images/**']. This is not recommended -- please use permitAll via HttpSecurity#authorizeHttpRequests instead.
2022-12-23 12:14:01.025  INFO 5092 --- [restartedMain] o.s.s.web.DefaultSecurityFilterChain     : Will not secure Ant [pattern='/images/**']
2022-12-23 12:14:01.025  WARN 5092 --- [restartedMain] o.s.s.c.a.web.builders.WebSecurity       : You are asking Spring Security to ignore Ant [pattern='/js/**']. This is not recommended -- please use permitAll via HttpSecurity#authorizeHttpRequests instead.
2022-12-23 12:14:01.025  INFO 5092 --- [restartedMain] o.s.s.web.DefaultSecurityFilterChain     : Will not secure Ant [pattern='/js/**']
2022-12-23 12:14:01.025  WARN 5092 --- [restartedMain] o.s.s.c.a.web.builders.WebSecurity       : You are asking Spring Security to ignore Ant [pattern='/webjars/**']. This is not recommended -- please use permitAll via HttpSecurity#authorizeHttpRequests instead.
2022-12-23 12:14:01.025  INFO 5092 --- [restartedMain] o.s.s.web.DefaultSecurityFilterChain     : Will not secure Ant [pattern='/webjars/**']
2022-12-23 12:14:01.085  INFO 5092 --- [restartedMain] o.s.s.web.DefaultSecurityFilterChain     : Will secure any request with [org.springframework.security.web.session.DisableEncodeUrlFilter@7d60240c, org.springframework.security.web.context.request.async.WebAsyncManagerIntegrationFilter@64ca05a1, org.springframework.security.web.context.SecurityContextPersistenceFilter@201f81b, org.springframework.security.web.header.HeaderWriterFilter@622eb294, org.springframework.security.web.csrf.CsrfFilter@119b1729, org.springframework.security.web.authentication.logout.LogoutFilter@269064a, org.springframework.security.web.authentication.UsernamePasswordAuthenticationFilter@2b3f5933, org.springframework.security.web.savedrequest.RequestCacheAwareFilter@ee8145b, org.springframework.security.web.servletapi.SecurityContextHolderAwareRequestFilter@2a3c80ab, org.springframework.security.web.authentication.rememberme.RememberMeAuthenticationFilter@3be851d8, org.springframework.security.web.authentication.AnonymousAuthenticationFilter@754ffea8, org.springframework.security.web.session.SessionManagementFilter@5eb9d436, org.springframework.security.web.access.ExceptionTranslationFilter@5c437ba7, org.springframework.security.web.access.intercept.FilterSecurityInterceptor@30b66553]
2022-12-23 12:14:01.239  INFO 5092 --- [restartedMain] o.s.b.a.w.s.WelcomePageHandlerMapping    : Adding welcome page template: index
2022-12-23 12:14:01.749  INFO 5092 --- [restartedMain] o.s.b.d.a.OptionalLiveReloadServer       : LiveReload server is running on port 35729
2022-12-23 12:14:01.778  INFO 5092 --- [restartedMain] o.s.b.w.embedded.tomcat.TomcatWebServer  : Tomcat started on port(s): 8080 (http) with context path '/ShopmeAdmin'
2022-12-23 12:14:01.786  INFO 5092 --- [restartedMain] c.shopme.admin.ShopmeBackEndApplication  : Started ShopmeBackEndApplication in 6.773 seconds (JVM running for 7.715)
2022-12-23 12:14:17.445  INFO 5092 --- [RMI TCP Connection(7)-127.0.0.1] inMXBeanRegistrar$SpringApplicationAdmin : Application shutdown requested.
2022-12-23 12:14:17.492  INFO 5092 --- [RMI TCP Connection(7)-127.0.0.1] j.LocalContainerEntityManagerFactoryBean : Closing JPA EntityManagerFactory for persistence unit 'default'
2022-12-23 12:14:17.492  INFO 5092 --- [RMI TCP Connection(7)-127.0.0.1] com.zaxxer.hikari.HikariDataSource       : HikariPool-1 - Shutdown initiated...
2022-12-23 12:14:17.492  INFO 5092 --- [RMI TCP Connection(7)-127.0.0.1] com.zaxxer.hikari.HikariDataSource       : HikariPool-1 - Shutdown completed.
2022-12-23 12:14:19.403  INFO 15580 --- [restartedMain] c.shopme.admin.ShopmeBackEndApplication  : Starting ShopmeBackEndApplication using Java 17.0.2 on MoPC with PID 15580 (C:\Users\secka\git\MomoF\ShopmeProject\ShopmeWebParent\ShopmeBackEnd\target\classes started by secka in C:\Users\secka\git\MomoF\ShopmeProject\ShopmeWebParent\ShopmeBackEnd)
2022-12-23 12:14:19.403  INFO 15580 --- [restartedMain] c.shopme.admin.ShopmeBackEndApplication  : No active profile set, falling back to 1 default profile: "default"
2022-12-23 12:14:19.434  INFO 15580 --- [restartedMain] .e.DevToolsPropertyDefaultsPostProcessor : Devtools property defaults active! Set 'spring.devtools.add-properties' to 'false' to disable
2022-12-23 12:14:19.434  INFO 15580 --- [restartedMain] .e.DevToolsPropertyDefaultsPostProcessor : For additional web related logging consider setting the 'logging.level.web' property to 'DEBUG'
2022-12-23 12:14:19.966  INFO 15580 --- [restartedMain] .s.d.r.c.RepositoryConfigurationDelegate : Bootstrapping Spring Data JPA repositories in DEFAULT mode.
2022-12-23 12:14:20.014  INFO 15580 --- [restartedMain] .s.d.r.c.RepositoryConfigurationDelegate : Finished Spring Data repository scanning in 40 ms. Found 2 JPA repository interfaces.
2022-12-23 12:14:20.518  INFO 15580 --- [restartedMain] o.s.b.w.embedded.tomcat.TomcatWebServer  : Tomcat initialized with port(s): 8080 (http)
2022-12-23 12:14:20.528  INFO 15580 --- [restartedMain] o.apache.catalina.core.StandardService   : Starting service [Tomcat]
2022-12-23 12:14:20.528  INFO 15580 --- [restartedMain] org.apache.catalina.core.StandardEngine  : Starting Servlet engine: [Apache Tomcat/9.0.63]
2022-12-23 12:14:20.603  INFO 15580 --- [restartedMain] o.a.c.c.C.[.[localhost].[/ShopmeAdmin]   : Initializing Spring embedded WebApplicationContext
2022-12-23 12:14:20.603  INFO 15580 --- [restartedMain] w.s.c.ServletWebServerApplicationContext : Root WebApplicationContext: initialization completed in 1169 ms
2022-12-23 12:14:20.745  INFO 15580 --- [restartedMain] o.hibernate.jpa.internal.util.LogHelper  : HHH000204: Processing PersistenceUnitInfo [name: default]
2022-12-23 12:14:20.780  INFO 15580 --- [restartedMain] org.hibernate.Version                    : HHH000412: Hibernate ORM core version 5.6.9.Final
2022-12-23 12:14:20.902  INFO 15580 --- [restartedMain] o.hibernate.annotations.common.Version   : HCANN000001: Hibernate Commons Annotations {5.1.2.Final}
2022-12-23 12:14:20.967  INFO 15580 --- [restartedMain] com.zaxxer.hikari.HikariDataSource       : HikariPool-1 - Starting...
2022-12-23 12:14:21.257  INFO 15580 --- [restartedMain] com.zaxxer.hikari.HikariDataSource       : HikariPool-1 - Start completed.
2022-12-23 12:14:21.279  INFO 15580 --- [restartedMain] org.hibernate.dialect.Dialect            : HHH000400: Using dialect: org.hibernate.dialect.MySQL8Dialect
2022-12-23 12:14:22.191  INFO 15580 --- [restartedMain] o.h.e.t.j.p.i.JtaPlatformInitiator       : HHH000490: Using JtaPlatform implementation: [org.hibernate.engine.transaction.jta.platform.internal.NoJtaPlatform]
2022-12-23 12:14:22.201  INFO 15580 --- [restartedMain] j.LocalContainerEntityManagerFactoryBean : Initialized JPA EntityManagerFactory for persistence unit 'default'
2022-12-23 12:14:22.267  WARN 15580 --- [restartedMain] JpaBaseConfiguration$JpaWebConfiguration : spring.jpa.open-in-view is enabled by default. Therefore, database queries may be performed during view rendering. Explicitly configure spring.jpa.open-in-view to disable this warning
2022-12-23 12:14:22.951  WARN 15580 --- [restartedMain] o.s.s.c.a.web.builders.WebSecurity       : You are asking Spring Security to ignore Ant [pattern='/images/**']. This is not recommended -- please use permitAll via HttpSecurity#authorizeHttpRequests instead.
2022-12-23 12:14:22.951  INFO 15580 --- [restartedMain] o.s.s.web.DefaultSecurityFilterChain     : Will not secure Ant [pattern='/images/**']
2022-12-23 12:14:22.952  WARN 15580 --- [restartedMain] o.s.s.c.a.web.builders.WebSecurity       : You are asking Spring Security to ignore Ant [pattern='/js/**']. This is not recommended -- please use permitAll via HttpSecurity#authorizeHttpRequests instead.
2022-12-23 12:14:22.952  INFO 15580 --- [restartedMain] o.s.s.web.DefaultSecurityFilterChain     : Will not secure Ant [pattern='/js/**']
2022-12-23 12:14:22.952  WARN 15580 --- [restartedMain] o.s.s.c.a.web.builders.WebSecurity       : You are asking Spring Security to ignore Ant [pattern='/webjars/**']. This is not recommended -- please use permitAll via HttpSecurity#authorizeHttpRequests instead.
2022-12-23 12:14:22.952  INFO 15580 --- [restartedMain] o.s.s.web.DefaultSecurityFilterChain     : Will not secure Ant [pattern='/webjars/**']
2022-12-23 12:14:22.988  INFO 15580 --- [restartedMain] o.s.s.web.DefaultSecurityFilterChain     : Will secure any request with [org.springframework.security.web.session.DisableEncodeUrlFilter@5da084b1, org.springframework.security.web.context.request.async.WebAsyncManagerIntegrationFilter@20de0fc, org.springframework.security.web.context.SecurityContextPersistenceFilter@3fb694fb, org.springframework.security.web.header.HeaderWriterFilter@322d38fd, org.springframework.security.web.csrf.CsrfFilter@2fd2e34, org.springframework.security.web.authentication.logout.LogoutFilter@1d04f058, org.springframework.security.web.authentication.UsernamePasswordAuthenticationFilter@7c08585b, org.springframework.security.web.savedrequest.RequestCacheAwareFilter@603c2b6b, org.springframework.security.web.servletapi.SecurityContextHolderAwareRequestFilter@1dbd446c, org.springframework.security.web.authentication.rememberme.RememberMeAuthenticationFilter@5137ef46, org.springframework.security.web.authentication.AnonymousAuthenticationFilter@707fe0c8, org.springframework.security.web.session.SessionManagementFilter@2bfd07a7, org.springframework.security.web.access.ExceptionTranslationFilter@642d4731, org.springframework.security.web.access.intercept.FilterSecurityInterceptor@6c4381e2]
2022-12-23 12:14:23.091  INFO 15580 --- [restartedMain] o.s.b.a.w.s.WelcomePageHandlerMapping    : Adding welcome page template: index
2022-12-23 12:14:23.543  INFO 15580 --- [restartedMain] o.s.b.d.a.OptionalLiveReloadServer       : LiveReload server is running on port 35729
2022-12-23 12:14:23.571  INFO 15580 --- [restartedMain] o.s.b.w.embedded.tomcat.TomcatWebServer  : Tomcat started on port(s): 8080 (http) with context path '/ShopmeAdmin'
2022-12-23 12:14:23.579  INFO 15580 --- [restartedMain] c.shopme.admin.ShopmeBackEndApplication  : Started ShopmeBackEndApplication in 4.539 seconds (JVM running for 5.154)
